<?xml version="1.0" encoding="UTF-8"?>
<testsuite xmlns:xsi="http://www.w3.org/2001/XMLSchema-instance" xsi:noNamespaceSchemaLocation="https://maven.apache.org/surefire/maven-surefire-plugin/xsd/surefire-test-report.xsd" name="com.tydic.xinjiang.kafka.ConsumeTest" time="0.2" tests="1" errors="1" skipped="0" failures="0">
  <properties>
[...]
</properties>
  <testcase name="consume" classname="com.tydic.xinjiang.kafka.ConsumeTest" time="0.12">
    <error message="Invalid value org.apache.kafka.com.tydic.xinjiang.common.serialization.StringDeserializer for configuration key.deserializer: Class org.apache.kafka.com.tydic.xinjiang.common.serialization.StringDeserializer could not be found." type="org.apache.kafka.common.config.ConfigException">org.apache.kafka.common.config.ConfigException: Invalid value org.apache.kafka.com.tydic.xinjiang.common.serialization.StringDeserializer for configuration key.deserializer: Class org.apache.kafka.com.tydic.xinjiang.common.serialization.StringDeserializer could not be found.
	at com.tydic.xinjiang.kafka.ConsumeTest.connectionKafka(ConsumeTest.java:36)
	at com.tydic.xinjiang.kafka.ConsumeTest.consume(ConsumeTest.java:30)
</error>
    <system-out><![CDATA[begin consumer
]]></system-out>
    <system-err><![CDATA[SLF4J: Class path contains multiple SLF4J bindings.
SLF4J: Found binding in [jar:file:/E:/Software_For_Work/maven_repository/ch/qos/logback/logback-classic/1.2.3/logback-classic-1.2.3.jar!/org/slf4j/impl/StaticLoggerBinder.class]
SLF4J: Found binding in [jar:file:/E:/Software_For_Work/maven_repository/org/slf4j/slf4j-log4j12/1.7.25/slf4j-log4j12-1.7.25.jar!/org/slf4j/impl/StaticLoggerBinder.class]
SLF4J: See http://www.slf4j.org/codes.html#multiple_bindings for an explanation.
SLF4J: Actual binding is of type [ch.qos.logback.classic.util.ContextSelectorStaticBinder]
]]></system-err>
  </testcase>
</testsuite>